<?xml version="1.0" encoding="UTF-8"?>
<!-- Generated by org.testng.reporters.JUnitReportReporter -->
<testsuite hostname="DESKTOP-HAQKA9K" name="com.autoqa.framework.apitest.httpclientcore.TestGetCall" tests="1" failures="0" timestamp="15 Sep 2018 14:18:44 GMT" time="6.887" errors="0">
  <testcase name="GETRequestTest" time="6.887" classname="com.autoqa.framework.apitest.httpclientcore.TestGetCall"/>
</testsuite> <!-- com.autoqa.framework.apitest.httpclientcore.TestGetCall -->
