<?xml version="1.0" encoding="UTF-8"?>
<!-- Generated by org.testng.reporters.JUnitReportReporter -->
<testsuite hostname="DESKTOP-HAQKA9K" name="com.autoqa.framework.apitest.executefailed.SampleTestClass1" tests="2" failures="0" timestamp="29 Oct 2018 02:31:24 GMT" time="0.031" errors="0">
  <testcase name="sampleTest2" time="0.003" classname="com.autoqa.framework.apitest.executefailed.SampleTestClass1"/>
  <testcase name="sampleTest1" time="0.028" classname="com.autoqa.framework.apitest.executefailed.SampleTestClass1"/>
</testsuite> <!-- com.autoqa.framework.apitest.executefailed.SampleTestClass1 -->
