<?xml version="1.0" encoding="UTF-8"?>
<!-- Generated by org.testng.reporters.JUnitReportReporter -->
<testsuite hostname="DESKTOP-HAQKA9K" name="com.autoqa.framework.apitest.httpclientcore.GetCallTest" tests="1" failures="0" timestamp="16 Sep 2018 10:36:45 GMT" time="1.605" errors="0">
  <testcase name="testGetCallResponse" time="1.605" classname="com.autoqa.framework.apitest.httpclientcore.GetCallTest"/>
</testsuite> <!-- com.autoqa.framework.apitest.httpclientcore.GetCallTest -->
